2020-07-02 20:34:48.5337> 程序启动
2020-07-02 20:35:51.7321> 连接串口 COM4(9600)
2020-07-02 20:35:51.7399> 检测设备 S11 [1] 
2020-07-02 20:35:54.3148> 设备 S11 [1] 接收数据超时
2020-07-02 20:35:54.3148> 提交数据至监控平台
2020-07-02 20:35:54.7266> 检测转速
2020-07-02 20:35:56.2507> 转动角度 接收数据超时
2020-07-02 20:36:01.2579> 检测设备 S12 [2] 
2020-07-02 20:36:03.7798> 设备 S12 [2] 接收数据超时
2020-07-02 20:36:03.7798> 提交数据至监控平台
2020-07-02 20:36:08.8563> 检测设备 S13 [3] 
2020-07-02 20:36:11.3787> 设备 S13 [3] 接收数据超时
2020-07-02 20:36:11.3787> 提交数据至监控平台
2020-07-02 20:36:11.4527> 检测转速
2020-07-02 20:36:12.9747> 转动角度 接收数据超时
2020-07-02 20:36:14.1018> 断开串口
2020-07-02 20:36:57.4469> 程序启动
2020-07-02 20:37:02.3548> 连接串口 COM4(9600)
2020-07-02 20:37:02.3548> 检测设备 S11 [1] 
2020-07-02 20:37:04.9090> 设备 S11 [1] 接收数据超时
2020-07-02 20:37:04.9090> 检测转速
2020-07-02 20:37:06.4395> 转动角度 接收数据超时
2020-07-02 20:37:11.4460> 检测设备 S12 [2] 
2020-07-02 20:37:13.9649> 设备 S12 [2] 接收数据超时
2020-07-02 20:37:14.0827> 断开串口
2020-07-02 20:37:33.9390> 程序启动
2020-07-02 20:37:39.6160> 连接串口 COM4(9600)
2020-07-02 20:37:39.6160> 检测设备 S11 [1] 
2020-07-02 20:37:42.1811> 设备 S11 [1] 接收数据超时
2020-07-02 20:37:42.1811> 检测转速
2020-07-02 20:37:43.7097> 转动角度 接收数据超时
2020-07-02 20:37:45.8321> 断开串口
2020-07-02 20:39:58.8560> 程序启动
2020-07-02 20:40:00.5817> 连接串口 COM4(9600)
2020-07-02 20:40:00.5817> 检测设备 S11 [1] 
2020-07-02 20:40:03.1558> 设备 S11 [1] 接收数据超时
2020-07-02 20:40:03.1698> 检测转速
2020-07-02 20:40:04.6906> 转动角度 接收数据超时
2020-07-02 20:40:14.6958> 检测设备 S12 [2] 
2020-07-02 20:40:17.2130> 设备 S12 [2] 接收数据超时
2020-07-02 20:40:17.2130> 检测转速
2020-07-02 20:40:18.7350> 转动角度 接收数据超时
2020-07-02 20:40:20.8488> 断开串口
2020-07-02 20:40:35.6707> 程序启动
2020-07-02 20:40:37.6686> 连接串口 COM4(9600)
2020-07-02 20:40:37.6686> 检测设备 S11 [1] 
2020-07-02 20:40:40.2297> 设备 S11 [1] 接收数据超时
2020-07-02 20:40:40.2297> 检测转速
2020-07-02 20:40:41.7618> 转动角度 接收数据超时
2020-07-02 20:40:51.7759> 发送测试指令
2020-07-02 20:40:53.7915> 检测设备 S12 [2] 
2020-07-02 20:40:56.3136> 设备 S12 [2] 接收数据超时
2020-07-02 20:40:56.3136> 检测转速
2020-07-02 20:40:57.8353> 转动角度 接收数据超时
2020-07-02 20:41:07.8425> 检测设备 S13 [3] 
2020-07-02 20:41:10.3619> 设备 S13 [3] 接收数据超时
2020-07-02 20:41:10.4767> 断开串口
2020-07-02 20:41:25.4740> 程序启动
2020-07-02 20:44:36.9792> 程序启动
2020-07-02 20:45:30.4873> 程序启动
2020-07-02 20:46:28.7592> 程序启动
2020-07-02 20:47:00.3019> 程序启动
